# JRE version: OpenJDK Runtime Environment Temurin-21.0.12.1+1 (21.0.12.1+1) (build 21.0.12.1+1-LTS)
# Java VM: OpenJDK 64-Bit Server VM Temurin-21.0.12.1+1 (21.0.12.1+1-LTS, mixed mode, sharing, tiered, compressed oops, compressed class ptrs, parallel gc, windows-amd64)
GC Precious Log:
 CardTable entry size: 512
 CPUs: 8 total, 8 available
 Memory: 8042M
 Large Page Support: Disabled
 NUMA Support: Disabled
 Compressed Oops: Enabled (32-bit)
 Alignments: Space 512K, Generation 512K, Heap 2M
 Heap Min Capacity: 100M
 Heap Initial Capacity: 100M
 Heap Max Capacity: 2G
 Pre-touch: Disabled
 Parallel Workers: 8
Heap:
 PSYoungGen      total 12800K, used 10551K [0x00000000d5580000, 0x00000000d6a80000, 0x0000000100000000)
  eden space 11776K, 81% used [0x00000000d5580000,0x00000000d5eddf60,0x00000000d6100000)
  from space 1024K, 93% used [0x00000000d6980000,0x00000000d6a70020,0x00000000d6a80000)
  to   space 1024K, 0% used [0x00000000d6880000,0x00000000d6880000,0x00000000d6980000)
 ParOldGen       total 91136K, used 90986K [0x0000000080000000, 0x0000000085900000, 0x00000000d5580000)
  object space 91136K, 99% used [0x0000000080000000,0x00000000858daa48,0x0000000085900000)
 Metaspace       used 68993K, committed 70464K, reserved 1114112K
  class space    used 7259K, committed 7872K, reserved 1048576K
GC Heap History (20 events):
Event: 9111.827 GC heap before
{Heap before GC invocations=94 (full 3):
 PSYoungGen      total 14336K, used 14264K [0x00000000d5580000, 0x00000000d6600000, 0x0000000100000000)
  eden space 11776K, 99% used [0x00000000d5580000,0x00000000d60eed48,0x00000000d6100000)
  from space 2560K, 99% used [0x00000000d6380000,0x00000000d65ff6a0,0x00000000d6600000)
  to   space 2560K, 0% used [0x00000000d6100000,0x00000000d6100000,0x00000000d6380000)
 ParOldGen       total 81920K, used 74253K [0x0000000080000000, 0x0000000085000000, 0x00000000d5580000)
  object space 81920K, 90% used [0x0000000080000000,0x0000000084883618,0x0000000085000000)
 Metaspace       used 62945K, committed 64320K, reserved 1114112K
  class space    used 6757K, committed 7360K, reserved 1048576K
}
Event: 9111.844 GC heap after
{Heap after GC invocations=94 (full 3):
 PSYoungGen      total 14336K, used 2552K [0x00000000d5580000, 0x00000000d7b00000, 0x0000000100000000)
  eden space 11776K, 0% used [0x00000000d5580000,0x00000000d5580000,0x00000000d6100000)
  from space 2560K, 99% used [0x00000000d6100000,0x00000000d637e040,0x00000000d6380000)
  to   space 13312K, 0% used [0x00000000d6e00000,0x00000000d6e00000,0x00000000d7b00000)
 ParOldGen       total 84480K, used 84180K [0x0000000080000000, 0x0000000085280000, 0x00000000d5580000)
  object space 84480K, 99% used [0x0000000080000000,0x0000000085235098,0x0000000085280000)
 Metaspace       used 62945K, committed 64320K, reserved 1114112K
  class space    used 6757K, committed 7360K, reserved 1048576K
}
Event: 9114.722 GC heap before
{Heap before GC invocations=95 (full 3):
 PSYoungGen      total 14336K, used 14328K [0x00000000d5580000, 0x00000000d7b00000, 0x0000000100000000)
  eden space 11776K, 100% used [0x00000000d5580000,0x00000000d6100000,0x00000000d6100000)
  from space 2560K, 99% used [0x00000000d6100000,0x00000000d637e040,0x00000000d6380000)
  to   space 13312K, 0% used [0x00000000d6e00000,0x00000000d6e00000,0x00000000d7b00000)
 ParOldGen       total 84480K, used 84180K [0x0000000080000000, 0x0000000085280000, 0x00000000d5580000)
  object space 84480K, 99% used [0x0000000080000000,0x0000000085235098,0x0000000085280000)
 Metaspace       used 63995K, committed 65344K, reserved 1114112K
  class space    used 6858K, committed 7424K, reserved 1048576K
}
Event: 9114.730 GC heap after
{Heap after GC invocations=95 (full 3):
 PSYoungGen      total 13824K, used 1902K [0x00000000d5580000, 0x00000000d7000000, 0x0000000100000000)
  eden space 11776K, 0% used [0x00000000d5580000,0x00000000d5580000,0x00000000d6100000)
  from space 2048K, 92% used [0x00000000d6e00000,0x00000000d6fdb930,0x00000000d7000000)
  to   space 6144K, 0% used [0x00000000d6400000,0x00000000d6400000,0x00000000d6a00000)
 ParOldGen       total 86016K, used 85714K [0x0000000080000000, 0x0000000085400000, 0x00000000d5580000)
  object space 86016K, 99% used [0x0000000080000000,0x00000000853b4b18,0x0000000085400000)
 Metaspace       used 63995K, committed 65344K, reserved 1114112K
  class space    used 6858K, committed 7424K, reserved 1048576K
}
Event: 9115.450 GC heap before
{Heap before GC invocations=96 (full 3):
 PSYoungGen      total 13824K, used 13678K [0x00000000d5580000, 0x00000000d7000000, 0x0000000100000000)
  eden space 11776K, 99% used [0x00000000d5580000,0x00000000d60ffff0,0x00000000d6100000)
  from space 2048K, 92% used [0x00000000d6e00000,0x00000000d6fdb930,0x00000000d7000000)
  to   space 6144K, 0% used [0x00000000d6400000,0x00000000d6400000,0x00000000d6a00000)
 ParOldGen       total 86016K, used 85714K [0x0000000080000000, 0x0000000085400000, 0x00000000d5580000)
  object space 86016K, 99% used [0x0000000080000000,0x00000000853b4b18,0x0000000085400000)
 Metaspace       used 65172K, committed 66496K, reserved 1114112K
  class space    used 6931K, committed 7488K, reserved 1048576K
}
Event: 9115.458 GC heap after
{Heap after GC invocations=96 (full 3):
 PSYoungGen      total 17920K, used 1294K [0x00000000d5580000, 0x00000000d6e80000, 0x0000000100000000)
  eden space 11776K, 0% used [0x00000000d5580000,0x00000000d5580000,0x00000000d6100000)
  from space 6144K, 21% used [0x00000000d6400000,0x00000000d6543b40,0x00000000d6a00000)
  to   space 2560K, 0% used [0x00000000d6c00000,0x00000000d6c00000,0x00000000d6e80000)
 ParOldGen       total 87552K, used 87406K [0x0000000080000000, 0x0000000085580000, 0x00000000d5580000)
  object space 87552K, 99% used [0x0000000080000000,0x000000008555b818,0x0000000085580000)
 Metaspace       used 65172K, committed 66496K, reserved 1114112K
  class space    used 6931K, committed 7488K, reserved 1048576K
}
Event: 9115.584 GC heap before
{Heap before GC invocations=97 (full 3):
 PSYoungGen      total 17920K, used 12992K [0x00000000d5580000, 0x00000000d6e80000, 0x0000000100000000)
  eden space 11776K, 99% used [0x00000000d5580000,0x00000000d60ec6e0,0x00000000d6100000)
  from space 6144K, 21% used [0x00000000d6400000,0x00000000d6543b40,0x00000000d6a00000)
  to   space 2560K, 0% used [0x00000000d6c00000,0x00000000d6c00000,0x00000000d6e80000)
 ParOldGen       total 87552K, used 87406K [0x0000000080000000, 0x0000000085580000, 0x00000000d5580000)
  object space 87552K, 99% used [0x0000000080000000,0x000000008555b818,0x0000000085580000)
 Metaspace       used 65236K, committed 66560K, reserved 1114112K
  class space    used 6936K, committed 7488K, reserved 1048576K
}
Event: 9115.588 GC heap after
{Heap after GC invocations=97 (full 3):
 PSYoungGen      total 13312K, used 1475K [0x00000000d5580000, 0x00000000d6d80000, 0x0000000100000000)
  eden space 11776K, 0% used [0x00000000d5580000,0x00000000d5580000,0x00000000d6100000)
  from space 1536K, 96% used [0x00000000d6c00000,0x00000000d6d70da8,0x00000000d6d80000)
  to   space 2048K, 0% used [0x00000000d6980000,0x00000000d6980000,0x00000000d6b80000)
 ParOldGen       total 88576K, used 88189K [0x0000000080000000, 0x0000000085680000, 0x00000000d5580000)
  object space 88576K, 99% used [0x0000000080000000,0x000000008561f430,0x0000000085680000)
 Metaspace       used 65236K, committed 66560K, reserved 1114112K
  class space    used 6936K, committed 7488K, reserved 1048576K
}
Event: 9115.720 GC heap before
{Heap before GC invocations=98 (full 3):
 PSYoungGen      total 13312K, used 13251K [0x00000000d5580000, 0x00000000d6d80000, 0x0000000100000000)
  eden space 11776K, 100% used [0x00000000d5580000,0x00000000d6100000,0x00000000d6100000)
  from space 1536K, 96% used [0x00000000d6c00000,0x00000000d6d70da8,0x00000000d6d80000)
  to   space 2048K, 0% used [0x00000000d6980000,0x00000000d6980000,0x00000000d6b80000)
 ParOldGen       total 88576K, used 88189K [0x0000000080000000, 0x0000000085680000, 0x00000000d5580000)
  object space 88576K, 99% used [0x0000000080000000,0x000000008561f430,0x0000000085680000)
 Metaspace       used 65248K, committed 66560K, reserved 1114112K
  class space    used 6936K, committed 7488K, reserved 1048576K
}
Event: 9115.723 GC heap after
{Heap after GC invocations=98 (full 3):
 PSYoungGen      total 13312K, used 1168K [0x00000000d5580000, 0x00000000d6c80000, 0x0000000100000000)
  eden space 11776K, 0% used [0x00000000d5580000,0x00000000d5580000,0x00000000d6100000)
  from space 1536K, 76% used [0x00000000d6980000,0x00000000d6aa4300,0x00000000d6b00000)
  to   space 1536K, 0% used [0x00000000d6b00000,0x00000000d6b00000,0x00000000d6c80000)
 ParOldGen       total 89600K, used 89097K [0x0000000080000000, 0x0000000085780000, 0x00000000d5580000)
  object space 89600K, 99% used [0x0000000080000000,0x00000000857025e8,0x0000000085780000)
 Metaspace       used 65248K, committed 66560K, reserved 1114112K
  class space    used 6936K, committed 7488K, reserved 1048576K
}
Event: 9115.790 GC heap before
{Heap before GC invocations=99 (full 3):
 PSYoungGen      total 13312K, used 12944K [0x00000000d5580000, 0x00000000d6c80000, 0x0000000100000000)
  eden space 11776K, 100% used [0x00000000d5580000,0x00000000d6100000,0x00000000d6100000)
  from space 1536K, 76% used [0x00000000d6980000,0x00000000d6aa4300,0x00000000d6b00000)
  to   space 1536K, 0% used [0x00000000d6b00000,0x00000000d6b00000,0x00000000d6c80000)
 ParOldGen       total 89600K, used 89097K [0x0000000080000000, 0x0000000085780000, 0x00000000d5580000)
  object space 89600K, 99% used [0x0000000080000000,0x00000000857025e8,0x0000000085780000)
 Metaspace       used 65250K, committed 66560K, reserved 1114112K
  class space    used 6936K, committed 7488K, reserved 1048576K
}
Event: 9115.793 GC heap after
{Heap after GC invocations=99 (full 3):
 PSYoungGen      total 13312K, used 1364K [0x00000000d5580000, 0x00000000d6c80000, 0x0000000100000000)
  eden space 11776K, 0% used [0x00000000d5580000,0x00000000d5580000,0x00000000d6100000)
  from space 1536K, 88% used [0x00000000d6b00000,0x00000000d6c55110,0x00000000d6c80000)
  to   space 1536K, 0% used [0x00000000d6980000,0x00000000d6980000,0x00000000d6b00000)
 ParOldGen       total 89600K, used 89129K [0x0000000080000000, 0x0000000085780000, 0x00000000d5580000)
  object space 89600K, 99% used [0x0000000080000000,0x000000008570a5e8,0x0000000085780000)
 Metaspace       used 65250K, committed 66560K, reserved 1114112K
  class space    used 6936K, committed 7488K, reserved 1048576K
}
Event: 9116.154 GC heap before
{Heap before GC invocations=100 (full 3):
 PSYoungGen      total 13312K, used 13140K [0x00000000d5580000, 0x00000000d6c80000, 0x0000000100000000)
  eden space 11776K, 100% used [0x00000000d5580000,0x00000000d6100000,0x00000000d6100000)
  from space 1536K, 88% used [0x00000000d6b00000,0x00000000d6c55110,0x00000000d6c80000)
  to   space 1536K, 0% used [0x00000000d6980000,0x00000000d6980000,0x00000000d6b00000)
 ParOldGen       total 89600K, used 89129K [0x0000000080000000, 0x0000000085780000, 0x00000000d5580000)
  object space 89600K, 99% used [0x0000000080000000,0x000000008570a5e8,0x0000000085780000)
 Metaspace       used 66888K, committed 68224K, reserved 1114112K
  class space    used 7078K, committed 7616K, reserved 1048576K
}
Event: 9116.156 GC heap after
{Heap after GC invocations=100 (full 3):
 PSYoungGen      total 12288K, used 448K [0x00000000d5580000, 0x00000000d6b80000, 0x0000000100000000)
  eden space 11776K, 0% used [0x00000000d5580000,0x00000000d5580000,0x00000000d6100000)
  from space 512K, 87% used [0x00000000d6980000,0x00000000d69f0020,0x00000000d6a00000)
  to   space 1024K, 0% used [0x00000000d6a80000,0x00000000d6a80000,0x00000000d6b80000)
 ParOldGen       total 89600K, used 89129K [0x0000000080000000, 0x0000000085780000, 0x00000000d5580000)
  object space 89600K, 99% used [0x0000000080000000,0x000000008570a5e8,0x0000000085780000)
 Metaspace       used 66888K, committed 68224K, reserved 1114112K
  class space    used 7078K, committed 7616K, reserved 1048576K
}
Event: 9117.244 GC heap before
{Heap before GC invocations=101 (full 3):
 PSYoungGen      total 12288K, used 12224K [0x00000000d5580000, 0x00000000d6b80000, 0x0000000100000000)
  eden space 11776K, 100% used [0x00000000d5580000,0x00000000d6100000,0x00000000d6100000)
  from space 512K, 87% used [0x00000000d6980000,0x00000000d69f0020,0x00000000d6a00000)
  to   space 1024K, 0% used [0x00000000d6a80000,0x00000000d6a80000,0x00000000d6b80000)
 ParOldGen       total 89600K, used 89129K [0x0000000080000000, 0x0000000085780000, 0x00000000d5580000)
  object space 89600K, 99% used [0x0000000080000000,0x000000008570a5e8,0x0000000085780000)
 Metaspace       used 67197K, committed 68608K, reserved 1114112K
  class space    used 7117K, committed 7744K, reserved 1048576K
}
Event: 9117.250 GC heap after
{Heap after GC invocations=101 (full 3):
 PSYoungGen      total 12800K, used 997K [0x00000000d5580000, 0x00000000d6b80000, 0x0000000100000000)
  eden space 11776K, 0% used [0x00000000d5580000,0x00000000d5580000,0x00000000d6100000)
  from space 1024K, 97% used [0x00000000d6a80000,0x00000000d6b79738,0x00000000d6b80000)
  to   space 2048K, 0% used [0x00000000d6780000,0x00000000d6780000,0x00000000d6980000)
 ParOldGen       total 90112K, used 89641K [0x0000000080000000, 0x0000000085800000, 0x00000000d5580000)
  object space 90112K, 99% used [0x0000000080000000,0x000000008578a608,0x0000000085800000)
 Metaspace       used 67197K, committed 68608K, reserved 1114112K
  class space    used 7117K, committed 7744K, reserved 1048576K
}
Event: 9117.884 GC heap before
{Heap before GC invocations=102 (full 3):
 PSYoungGen      total 12800K, used 12685K [0x00000000d5580000, 0x00000000d6b80000, 0x0000000100000000)
  eden space 11776K, 99% used [0x00000000d5580000,0x00000000d60e9dd0,0x00000000d6100000)
  from space 1024K, 97% used [0x00000000d6a80000,0x00000000d6b79738,0x00000000d6b80000)
  to   space 2048K, 0% used [0x00000000d6780000,0x00000000d6780000,0x00000000d6980000)
 ParOldGen       total 90112K, used 89641K [0x0000000080000000, 0x0000000085800000, 0x00000000d5580000)
  object space 90112K, 99% used [0x0000000080000000,0x000000008578a608,0x0000000085800000)
 Metaspace       used 67763K, committed 69120K, reserved 1114112K
  class space    used 7154K, committed 7744K, reserved 1048576K
}
Event: 9117.888 GC heap after
{Heap after GC invocations=102 (full 3):
 PSYoungGen      total 13824K, used 752K [0x00000000d5580000, 0x00000000d6b00000, 0x0000000100000000)
  eden space 11776K, 0% used [0x00000000d5580000,0x00000000d5580000,0x00000000d6100000)
  from space 2048K, 36% used [0x00000000d6780000,0x00000000d683c010,0x00000000d6980000)
  to   space 1536K, 0% used [0x00000000d6980000,0x00000000d6980000,0x00000000d6b00000)
 ParOldGen       total 90624K, used 90367K [0x0000000080000000, 0x0000000085880000, 0x00000000d5580000)
  object space 90624K, 99% used [0x0000000080000000,0x000000008583fcd8,0x0000000085880000)
 Metaspace       used 67763K, committed 69120K, reserved 1114112K
  class space    used 7154K, committed 7744K, reserved 1048576K
}
Event: 9118.161 GC heap before
{Heap before GC invocations=103 (full 3):
 PSYoungGen      total 13824K, used 12528K [0x00000000d5580000, 0x00000000d6b00000, 0x0000000100000000)
  eden space 11776K, 100% used [0x00000000d5580000,0x00000000d6100000,0x00000000d6100000)
  from space 2048K, 36% used [0x00000000d6780000,0x00000000d683c010,0x00000000d6980000)
  to   space 1536K, 0% used [0x00000000d6980000,0x00000000d6980000,0x00000000d6b00000)
 ParOldGen       total 90624K, used 90367K [0x0000000080000000, 0x0000000085880000, 0x00000000d5580000)
  object space 90624K, 99% used [0x0000000080000000,0x000000008583fcd8,0x0000000085880000)
 Metaspace       used 68225K, committed 69568K, reserved 1114112K
  class space    used 7185K, committed 7808K, reserved 1048576K
}
Event: 9118.165 GC heap after
{Heap after GC invocations=103 (full 3):
 PSYoungGen      total 12800K, used 960K [0x00000000d5580000, 0x00000000d6a80000, 0x0000000100000000)
  eden space 11776K, 0% used [0x00000000d5580000,0x00000000d5580000,0x00000000d6100000)
  from space 1024K, 93% used [0x00000000d6980000,0x00000000d6a70020,0x00000000d6a80000)
  to   space 1024K, 0% used [0x00000000d6880000,0x00000000d6880000,0x00000000d6980000)
 ParOldGen       total 91136K, used 90986K [0x0000000080000000, 0x0000000085900000, 0x00000000d5580000)
  object space 91136K, 99% used [0x0000000080000000,0x00000000858daa48,0x0000000085900000)
 Metaspace       used 68225K, committed 69568K, reserved 1114112K
  class space    used 7185K, committed 7808K, reserved 1048576K
}

