# JRE version: OpenJDK Runtime Environment Temurin-21.0.12.1+1 (21.0.12.1+1) (build 21.0.12.1+1-LTS)
# Java VM: OpenJDK 64-Bit Server VM Temurin-21.0.12.1+1 (21.0.12.1+1-LTS, mixed mode, sharing, tiered, compressed oops, compressed class ptrs, parallel gc, windows-amd64)
GC Precious Log:
 CardTable entry size: 512
 CPUs: 8 total, 8 available
 Memory: 8042M
 Large Page Support: Disabled
 NUMA Support: Disabled
 Compressed Oops: Enabled (32-bit)
 Alignments: Space 512K, Generation 512K, Heap 2M
 Heap Min Capacity: 100M
 Heap Initial Capacity: 100M
 Heap Max Capacity: 2G
 Pre-touch: Disabled
 Parallel Workers: 8
Heap:
 PSYoungGen      total 2560K, used 408K [0x00000000d5580000, 0x00000000d5980000, 0x0000000100000000)
  eden space 2048K, 2% used [0x00000000d5580000,0x00000000d558e0d8,0x00000000d5780000)
  from space 512K, 68% used [0x00000000d5880000,0x00000000d58d8000,0x00000000d5900000)
  to   space 512K, 0% used [0x00000000d5900000,0x00000000d5900000,0x00000000d5980000)
 ParOldGen       total 416256K, used 415821K [0x0000000080000000, 0x0000000099680000, 0x00000000d5580000)
  object space 416256K, 99% used [0x0000000080000000,0x0000000099613498,0x0000000099680000)
 Metaspace       used 62745K, committed 64192K, reserved 1114112K
  class space    used 6746K, committed 7360K, reserved 1048576K
GC Heap History (20 events):
Event: 83.393 GC heap before
{Heap before GC invocations=597 (full 3):
 PSYoungGen      total 2560K, used 2549K [0x00000000d5580000, 0x00000000d5b80000, 0x0000000100000000)
  eden space 2048K, 100% used [0x00000000d5580000,0x00000000d5780000,0x00000000d5780000)
  from space 512K, 97% used [0x00000000d5800000,0x00000000d587d700,0x00000000d5880000)
  to   space 2048K, 0% used [0x00000000d5980000,0x00000000d5980000,0x00000000d5b80000)
 ParOldGen       total 412672K, used 412355K [0x0000000080000000, 0x0000000099300000, 0x00000000d5580000)
  object space 412672K, 99% used [0x0000000080000000,0x00000000992b0e68,0x0000000099300000)
 Metaspace       used 62740K, committed 64192K, reserved 1114112K
  class space    used 6746K, committed 7360K, reserved 1048576K
}
Event: 83.400 GC heap after
{Heap after GC invocations=597 (full 3):
 PSYoungGen      total 3072K, used 944K [0x00000000d5580000, 0x00000000d5a80000, 0x0000000100000000)
  eden space 2048K, 0% used [0x00000000d5580000,0x00000000d5580000,0x00000000d5780000)
  from space 1024K, 92% used [0x00000000d5980000,0x00000000d5a6c000,0x00000000d5a80000)
  to   space 1536K, 0% used [0x00000000d5780000,0x00000000d5780000,0x00000000d5900000)
 ParOldGen       total 412672K, used 412363K [0x0000000080000000, 0x0000000099300000, 0x00000000d5580000)
  object space 412672K, 99% used [0x0000000080000000,0x00000000992b2e68,0x0000000099300000)
 Metaspace       used 62740K, committed 64192K, reserved 1114112K
  class space    used 6746K, committed 7360K, reserved 1048576K
}
Event: 83.572 GC heap before
{Heap before GC invocations=598 (full 3):
 PSYoungGen      total 3072K, used 2992K [0x00000000d5580000, 0x00000000d5a80000, 0x0000000100000000)
  eden space 2048K, 100% used [0x00000000d5580000,0x00000000d5780000,0x00000000d5780000)
  from space 1024K, 92% used [0x00000000d5980000,0x00000000d5a6c000,0x00000000d5a80000)
  to   space 1536K, 0% used [0x00000000d5780000,0x00000000d5780000,0x00000000d5900000)
 ParOldGen       total 412672K, used 412363K [0x0000000080000000, 0x0000000099300000, 0x00000000d5580000)
  object space 412672K, 99% used [0x0000000080000000,0x00000000992b2e68,0x0000000099300000)
 Metaspace       used 62740K, committed 64192K, reserved 1114112K
  class space    used 6746K, committed 7360K, reserved 1048576K
}
Event: 83.578 GC heap after
{Heap after GC invocations=598 (full 3):
 PSYoungGen      total 3584K, used 224K [0x00000000d5580000, 0x00000000d5a00000, 0x0000000100000000)
  eden space 2048K, 0% used [0x00000000d5580000,0x00000000d5580000,0x00000000d5780000)
  from space 1536K, 14% used [0x00000000d5780000,0x00000000d57b8000,0x00000000d5900000)
  to   space 1024K, 0% used [0x00000000d5900000,0x00000000d5900000,0x00000000d5a00000)
 ParOldGen       total 413696K, used 413236K [0x0000000080000000, 0x0000000099400000, 0x00000000d5580000)
  object space 413696K, 99% used [0x0000000080000000,0x000000009938d258,0x0000000099400000)
 Metaspace       used 62740K, committed 64192K, reserved 1114112K
  class space    used 6746K, committed 7360K, reserved 1048576K
}
Event: 83.736 GC heap before
{Heap before GC invocations=599 (full 3):
 PSYoungGen      total 3584K, used 2272K [0x00000000d5580000, 0x00000000d5a00000, 0x0000000100000000)
  eden space 2048K, 100% used [0x00000000d5580000,0x00000000d5780000,0x00000000d5780000)
  from space 1536K, 14% used [0x00000000d5780000,0x00000000d57b8000,0x00000000d5900000)
  to   space 1024K, 0% used [0x00000000d5900000,0x00000000d5900000,0x00000000d5a00000)
 ParOldGen       total 413696K, used 413236K [0x0000000080000000, 0x0000000099400000, 0x00000000d5580000)
  object space 413696K, 99% used [0x0000000080000000,0x000000009938d258,0x0000000099400000)
 Metaspace       used 62742K, committed 64192K, reserved 1114112K
  class space    used 6746K, committed 7360K, reserved 1048576K
}
Event: 83.741 GC heap after
{Heap after GC invocations=599 (full 3):
 PSYoungGen      total 2560K, used 420K [0x00000000d5580000, 0x00000000d5980000, 0x0000000100000000)
  eden space 2048K, 0% used [0x00000000d5580000,0x00000000d5580000,0x00000000d5780000)
  from space 512K, 82% used [0x00000000d5900000,0x00000000d59691a8,0x00000000d5980000)
  to   space 512K, 0% used [0x00000000d5880000,0x00000000d5880000,0x00000000d5900000)
 ParOldGen       total 413696K, used 413324K [0x0000000080000000, 0x0000000099400000, 0x00000000d5580000)
  object space 413696K, 99% used [0x0000000080000000,0x00000000993a3258,0x0000000099400000)
 Metaspace       used 62742K, committed 64192K, reserved 1114112K
  class space    used 6746K, committed 7360K, reserved 1048576K
}
Event: 83.767 GC heap before
{Heap before GC invocations=600 (full 3):
 PSYoungGen      total 2560K, used 2459K [0x00000000d5580000, 0x00000000d5980000, 0x0000000100000000)
  eden space 2048K, 99% used [0x00000000d5580000,0x00000000d577daf8,0x00000000d5780000)
  from space 512K, 82% used [0x00000000d5900000,0x00000000d59691a8,0x00000000d5980000)
  to   space 512K, 0% used [0x00000000d5880000,0x00000000d5880000,0x00000000d5900000)
 ParOldGen       total 413696K, used 413324K [0x0000000080000000, 0x0000000099400000, 0x00000000d5580000)
  object space 413696K, 99% used [0x0000000080000000,0x00000000993a3258,0x0000000099400000)
 Metaspace       used 62742K, committed 64192K, reserved 1114112K
  class space    used 6746K, committed 7360K, reserved 1048576K
}
Event: 83.770 GC heap after
{Heap after GC invocations=600 (full 3):
 PSYoungGen      total 2560K, used 384K [0x00000000d5580000, 0x00000000d5980000, 0x0000000100000000)
  eden space 2048K, 0% used [0x00000000d5580000,0x00000000d5580000,0x00000000d5780000)
  from space 512K, 75% used [0x00000000d5880000,0x00000000d58e0000,0x00000000d5900000)
  to   space 512K, 0% used [0x00000000d5900000,0x00000000d5900000,0x00000000d5980000)
 ParOldGen       total 413696K, used 413662K [0x0000000080000000, 0x0000000099400000, 0x00000000d5580000)
  object space 413696K, 99% used [0x0000000080000000,0x00000000993f7a80,0x0000000099400000)
 Metaspace       used 62742K, committed 64192K, reserved 1114112K
  class space    used 6746K, committed 7360K, reserved 1048576K
}
Event: 83.796 GC heap before
{Heap before GC invocations=601 (full 3):
 PSYoungGen      total 2560K, used 2432K [0x00000000d5580000, 0x00000000d5980000, 0x0000000100000000)
  eden space 2048K, 100% used [0x00000000d5580000,0x00000000d5780000,0x00000000d5780000)
  from space 512K, 75% used [0x00000000d5880000,0x00000000d58e0000,0x00000000d5900000)
  to   space 512K, 0% used [0x00000000d5900000,0x00000000d5900000,0x00000000d5980000)
 ParOldGen       total 413696K, used 413662K [0x0000000080000000, 0x0000000099400000, 0x00000000d5580000)
  object space 413696K, 99% used [0x0000000080000000,0x00000000993f7a80,0x0000000099400000)
 Metaspace       used 62745K, committed 64192K, reserved 1114112K
  class space    used 6746K, committed 7360K, reserved 1048576K
}
Event: 83.803 GC heap after
{Heap after GC invocations=601 (full 3):
 PSYoungGen      total 2560K, used 352K [0x00000000d5580000, 0x00000000d5980000, 0x0000000100000000)
  eden space 2048K, 0% used [0x00000000d5580000,0x00000000d5580000,0x00000000d5780000)
  from space 512K, 68% used [0x00000000d5900000,0x00000000d5958000,0x00000000d5980000)
  to   space 512K, 0% used [0x00000000d5880000,0x00000000d5880000,0x00000000d5900000)
 ParOldGen       total 414208K, used 413948K [0x0000000080000000, 0x0000000099480000, 0x00000000d5580000)
  object space 414208K, 99% used [0x0000000080000000,0x000000009943f088,0x0000000099480000)
 Metaspace       used 62745K, committed 64192K, reserved 1114112K
  class space    used 6746K, committed 7360K, reserved 1048576K
}
Event: 83.826 GC heap before
{Heap before GC invocations=602 (full 3):
 PSYoungGen      total 2560K, used 2400K [0x00000000d5580000, 0x00000000d5980000, 0x0000000100000000)
  eden space 2048K, 100% used [0x00000000d5580000,0x00000000d5780000,0x00000000d5780000)
  from space 512K, 68% used [0x00000000d5900000,0x00000000d5958000,0x00000000d5980000)
  to   space 512K, 0% used [0x00000000d5880000,0x00000000d5880000,0x00000000d5900000)
 ParOldGen       total 414208K, used 413948K [0x0000000080000000, 0x0000000099480000, 0x00000000d5580000)
  object space 414208K, 99% used [0x0000000080000000,0x000000009943f088,0x0000000099480000)
 Metaspace       used 62745K, committed 64192K, reserved 1114112K
  class space    used 6746K, committed 7360K, reserved 1048576K
}
Event: 83.829 GC heap after
{Heap after GC invocations=602 (full 3):
 PSYoungGen      total 2560K, used 352K [0x00000000d5580000, 0x00000000d5980000, 0x0000000100000000)
  eden space 2048K, 0% used [0x00000000d5580000,0x00000000d5580000,0x00000000d5780000)
  from space 512K, 68% used [0x00000000d5880000,0x00000000d58d8000,0x00000000d5900000)
  to   space 512K, 0% used [0x00000000d5900000,0x00000000d5900000,0x00000000d5980000)
 ParOldGen       total 414208K, used 414188K [0x0000000080000000, 0x0000000099480000, 0x00000000d5580000)
  object space 414208K, 99% used [0x0000000080000000,0x000000009947b088,0x0000000099480000)
 Metaspace       used 62745K, committed 64192K, reserved 1114112K
  class space    used 6746K, committed 7360K, reserved 1048576K
}
Event: 83.867 GC heap before
{Heap before GC invocations=603 (full 3):
 PSYoungGen      total 2560K, used 2400K [0x00000000d5580000, 0x00000000d5980000, 0x0000000100000000)
  eden space 2048K, 100% used [0x00000000d5580000,0x00000000d5780000,0x00000000d5780000)
  from space 512K, 68% used [0x00000000d5880000,0x00000000d58d8000,0x00000000d5900000)
  to   space 512K, 0% used [0x00000000d5900000,0x00000000d5900000,0x00000000d5980000)
 ParOldGen       total 414208K, used 414188K [0x0000000080000000, 0x0000000099480000, 0x00000000d5580000)
  object space 414208K, 99% used [0x0000000080000000,0x000000009947b088,0x0000000099480000)
 Metaspace       used 62745K, committed 64192K, reserved 1114112K
  class space    used 6746K, committed 7360K, reserved 1048576K
}
Event: 83.869 GC heap after
{Heap after GC invocations=603 (full 3):
 PSYoungGen      total 2560K, used 320K [0x00000000d5580000, 0x00000000d5980000, 0x0000000100000000)
  eden space 2048K, 0% used [0x00000000d5580000,0x00000000d5580000,0x00000000d5780000)
  from space 512K, 62% used [0x00000000d5900000,0x00000000d5950000,0x00000000d5980000)
  to   space 512K, 0% used [0x00000000d5880000,0x00000000d5880000,0x00000000d5900000)
 ParOldGen       total 414720K, used 414487K [0x0000000080000000, 0x0000000099500000, 0x00000000d5580000)
  object space 414720K, 99% used [0x0000000080000000,0x00000000994c5c90,0x0000000099500000)
 Metaspace       used 62745K, committed 64192K, reserved 1114112K
  class space    used 6746K, committed 7360K, reserved 1048576K
}
Event: 83.908 GC heap before
{Heap before GC invocations=604 (full 3):
 PSYoungGen      total 2560K, used 2368K [0x00000000d5580000, 0x00000000d5980000, 0x0000000100000000)
  eden space 2048K, 100% used [0x00000000d5580000,0x00000000d5780000,0x00000000d5780000)
  from space 512K, 62% used [0x00000000d5900000,0x00000000d5950000,0x00000000d5980000)
  to   space 512K, 0% used [0x00000000d5880000,0x00000000d5880000,0x00000000d5900000)
 ParOldGen       total 414720K, used 414487K [0x0000000080000000, 0x0000000099500000, 0x00000000d5580000)
  object space 414720K, 99% used [0x0000000080000000,0x00000000994c5c90,0x0000000099500000)
 Metaspace       used 62745K, committed 64192K, reserved 1114112K
  class space    used 6746K, committed 7360K, reserved 1048576K
}
Event: 83.911 GC heap after
{Heap after GC invocations=604 (full 3):
 PSYoungGen      total 2560K, used 320K [0x00000000d5580000, 0x00000000d5980000, 0x0000000100000000)
  eden space 2048K, 0% used [0x00000000d5580000,0x00000000d5580000,0x00000000d5780000)
  from space 512K, 62% used [0x00000000d5880000,0x00000000d58d0000,0x00000000d5900000)
  to   space 512K, 0% used [0x00000000d5900000,0x00000000d5900000,0x00000000d5980000)
 ParOldGen       total 415232K, used 414743K [0x0000000080000000, 0x0000000099580000, 0x00000000d5580000)
  object space 415232K, 99% used [0x0000000080000000,0x0000000099505c90,0x0000000099580000)
 Metaspace       used 62745K, committed 64192K, reserved 1114112K
  class space    used 6746K, committed 7360K, reserved 1048576K
}
Event: 83.939 GC heap before
{Heap before GC invocations=605 (full 3):
 PSYoungGen      total 2560K, used 2368K [0x00000000d5580000, 0x00000000d5980000, 0x0000000100000000)
  eden space 2048K, 100% used [0x00000000d5580000,0x00000000d5780000,0x00000000d5780000)
  from space 512K, 62% used [0x00000000d5880000,0x00000000d58d0000,0x00000000d5900000)
  to   space 512K, 0% used [0x00000000d5900000,0x00000000d5900000,0x00000000d5980000)
 ParOldGen       total 415232K, used 414743K [0x0000000080000000, 0x0000000099580000, 0x00000000d5580000)
  object space 415232K, 99% used [0x0000000080000000,0x0000000099505c90,0x0000000099580000)
 Metaspace       used 62745K, committed 64192K, reserved 1114112K
  class space    used 6746K, committed 7360K, reserved 1048576K
}
Event: 83.943 GC heap after
{Heap after GC invocations=605 (full 3):
 PSYoungGen      total 2560K, used 470K [0x00000000d5580000, 0x00000000d5980000, 0x0000000100000000)
  eden space 2048K, 0% used [0x00000000d5580000,0x00000000d5580000,0x00000000d5780000)
  from space 512K, 91% used [0x00000000d5900000,0x00000000d5975808,0x00000000d5980000)
  to   space 512K, 0% used [0x00000000d5880000,0x00000000d5880000,0x00000000d5900000)
 ParOldGen       total 415232K, used 414999K [0x0000000080000000, 0x0000000099580000, 0x00000000d5580000)
  object space 415232K, 99% used [0x0000000080000000,0x0000000099545c90,0x0000000099580000)
 Metaspace       used 62745K, committed 64192K, reserved 1114112K
  class space    used 6746K, committed 7360K, reserved 1048576K
}
Event: 83.966 GC heap before
{Heap before GC invocations=606 (full 3):
 PSYoungGen      total 2560K, used 2518K [0x00000000d5580000, 0x00000000d5980000, 0x0000000100000000)
  eden space 2048K, 100% used [0x00000000d5580000,0x00000000d5780000,0x00000000d5780000)
  from space 512K, 91% used [0x00000000d5900000,0x00000000d5975808,0x00000000d5980000)
  to   space 512K, 0% used [0x00000000d5880000,0x00000000d5880000,0x00000000d5900000)
 ParOldGen       total 415232K, used 414999K [0x0000000080000000, 0x0000000099580000, 0x00000000d5580000)
  object space 415232K, 99% used [0x0000000080000000,0x0000000099545c90,0x0000000099580000)
 Metaspace       used 62745K, committed 64192K, reserved 1114112K
  class space    used 6746K, committed 7360K, reserved 1048576K
}
Event: 83.970 GC heap after
{Heap after GC invocations=606 (full 3):
 PSYoungGen      total 2560K, used 288K [0x00000000d5580000, 0x00000000d5980000, 0x0000000100000000)
  eden space 2048K, 0% used [0x00000000d5580000,0x00000000d5580000,0x00000000d5780000)
  from space 512K, 56% used [0x00000000d5880000,0x00000000d58c8000,0x00000000d5900000)
  to   space 512K, 0% used [0x00000000d5900000,0x00000000d5900000,0x00000000d5980000)
 ParOldGen       total 415744K, used 415301K [0x0000000080000000, 0x0000000099600000, 0x00000000d5580000)
  object space 415744K, 99% used [0x0000000080000000,0x0000000099591498,0x0000000099600000)
 Metaspace       used 62745K, committed 64192K, reserved 1114112K
  class space    used 6746K, committed 7360K, reserved 1048576K
}

