# JRE version: OpenJDK Runtime Environment Temurin-21.0.12.1+1 (21.0.12.1+1) (build 21.0.12.1+1-LTS)
# Java VM: OpenJDK 64-Bit Server VM Temurin-21.0.12.1+1 (21.0.12.1+1-LTS, mixed mode, sharing, tiered, compressed oops, compressed class ptrs, parallel gc, windows-amd64)
GC Precious Log:
 CardTable entry size: 512
 CPUs: 8 total, 8 available
 Memory: 8042M
 Large Page Support: Disabled
 NUMA Support: Disabled
 Compressed Oops: Enabled (32-bit)
 Alignments: Space 512K, Generation 512K, Heap 2M
 Heap Min Capacity: 100M
 Heap Initial Capacity: 100M
 Heap Max Capacity: 2G
 Pre-touch: Disabled
 Parallel Workers: 8
Heap:
 PSYoungGen      total 16384K, used 12932K [0x00000000d5580000, 0x00000000d6800000, 0x0000000100000000)
  eden space 14848K, 79% used [0x00000000d5580000,0x00000000d61013a0,0x00000000d6400000)
  from space 1536K, 75% used [0x00000000d6680000,0x00000000d67a0000,0x00000000d6800000)
  to   space 1536K, 0% used [0x00000000d6480000,0x00000000d6480000,0x00000000d6600000)
 ParOldGen       total 84480K, used 52811K [0x0000000080000000, 0x0000000085280000, 0x00000000d5580000)
  object space 84480K, 62% used [0x0000000080000000,0x0000000083392ee0,0x0000000085280000)
 Metaspace       used 61746K, committed 63040K, reserved 1114112K
  class space    used 6640K, committed 7168K, reserved 1048576K
GC Heap History (20 events):
Event: 70.677 GC heap before
{Heap before GC invocations=62 (full 2):
 PSYoungGen      total 15360K, used 15241K [0x00000000d5580000, 0x00000000d6600000, 0x0000000100000000)
  eden space 14848K, 99% used [0x00000000d5580000,0x00000000d63f1218,0x00000000d6400000)
  from space 512K, 88% used [0x00000000d6500000,0x00000000d65712f8,0x00000000d6580000)
  to   space 512K, 0% used [0x00000000d6580000,0x00000000d6580000,0x00000000d6600000)
 ParOldGen       total 81408K, used 81025K [0x0000000080000000, 0x0000000084f80000, 0x00000000d5580000)
  object space 81408K, 99% used [0x0000000080000000,0x0000000084f20550,0x0000000084f80000)
 Metaspace       used 53592K, committed 54912K, reserved 1114112K
  class space    used 5728K, committed 6272K, reserved 1048576K
}
Event: 70.680 GC heap after
{Heap after GC invocations=62 (full 2):
 PSYoungGen      total 15360K, used 448K [0x00000000d5580000, 0x00000000d6600000, 0x0000000100000000)
  eden space 14848K, 0% used [0x00000000d5580000,0x00000000d5580000,0x00000000d6400000)
  from space 512K, 87% used [0x00000000d6580000,0x00000000d65f0000,0x00000000d6600000)
  to   space 512K, 0% used [0x00000000d6500000,0x00000000d6500000,0x00000000d6580000)
 ParOldGen       total 81408K, used 81305K [0x0000000080000000, 0x0000000084f80000, 0x00000000d5580000)
  object space 81408K, 99% used [0x0000000080000000,0x0000000084f66550,0x0000000084f80000)
 Metaspace       used 53592K, committed 54912K, reserved 1114112K
  class space    used 5728K, committed 6272K, reserved 1048576K
}
Event: 9086.305 GC heap before
{Heap before GC invocations=63 (full 2):
 PSYoungGen      total 15360K, used 15296K [0x00000000d5580000, 0x00000000d6600000, 0x0000000100000000)
  eden space 14848K, 100% used [0x00000000d5580000,0x00000000d6400000,0x00000000d6400000)
  from space 512K, 87% used [0x00000000d6580000,0x00000000d65f0000,0x00000000d6600000)
  to   space 512K, 0% used [0x00000000d6500000,0x00000000d6500000,0x00000000d6580000)
 ParOldGen       total 81408K, used 81305K [0x0000000080000000, 0x0000000084f80000, 0x00000000d5580000)
  object space 81408K, 99% used [0x0000000080000000,0x0000000084f66550,0x0000000084f80000)
 Metaspace       used 55240K, committed 56704K, reserved 1114112K
  class space    used 5906K, committed 6528K, reserved 1048576K
}
Event: 9086.405 GC heap after
{Heap after GC invocations=63 (full 2):
 PSYoungGen      total 15360K, used 480K [0x00000000d5580000, 0x00000000d6800000, 0x0000000100000000)
  eden space 14848K, 0% used [0x00000000d5580000,0x00000000d5580000,0x00000000d6400000)
  from space 512K, 93% used [0x00000000d6500000,0x00000000d6578020,0x00000000d6580000)
  to   space 2048K, 0% used [0x00000000d6600000,0x00000000d6600000,0x00000000d6800000)
 ParOldGen       total 82944K, used 82630K [0x0000000080000000, 0x0000000085100000, 0x00000000d5580000)
  object space 82944K, 99% used [0x0000000080000000,0x00000000850b1a60,0x0000000085100000)
 Metaspace       used 55240K, committed 56704K, reserved 1114112K
  class space    used 5906K, committed 6528K, reserved 1048576K
}
Event: 9087.199 GC heap before
{Heap before GC invocations=64 (full 2):
 PSYoungGen      total 15360K, used 15305K [0x00000000d5580000, 0x00000000d6800000, 0x0000000100000000)
  eden space 14848K, 99% used [0x00000000d5580000,0x00000000d63fa6a0,0x00000000d6400000)
  from space 512K, 93% used [0x00000000d6500000,0x00000000d6578020,0x00000000d6580000)
  to   space 2048K, 0% used [0x00000000d6600000,0x00000000d6600000,0x00000000d6800000)
 ParOldGen       total 82944K, used 82630K [0x0000000080000000, 0x0000000085100000, 0x00000000d5580000)
  object space 82944K, 99% used [0x0000000080000000,0x00000000850b1a60,0x0000000085100000)
 Metaspace       used 57305K, committed 58688K, reserved 1114112K
  class space    used 6134K, committed 6720K, reserved 1048576K
}
Event: 9087.203 GC heap after
{Heap after GC invocations=64 (full 2):
 PSYoungGen      total 15872K, used 927K [0x00000000d5580000, 0x00000000d6700000, 0x0000000100000000)
  eden space 14848K, 0% used [0x00000000d5580000,0x00000000d5580000,0x00000000d6400000)
  from space 1024K, 90% used [0x00000000d6600000,0x00000000d66e7e20,0x00000000d6700000)
  to   space 1536K, 0% used [0x00000000d6400000,0x00000000d6400000,0x00000000d6580000)
 ParOldGen       total 83456K, used 83072K [0x0000000080000000, 0x0000000085180000, 0x00000000d5580000)
  object space 83456K, 99% used [0x0000000080000000,0x00000000851200b0,0x0000000085180000)
 Metaspace       used 57305K, committed 58688K, reserved 1114112K
  class space    used 6134K, committed 6720K, reserved 1048576K
}
Event: 9087.886 GC heap before
{Heap before GC invocations=65 (full 2):
 PSYoungGen      total 15872K, used 15775K [0x00000000d5580000, 0x00000000d6700000, 0x0000000100000000)
  eden space 14848K, 100% used [0x00000000d5580000,0x00000000d6400000,0x00000000d6400000)
  from space 1024K, 90% used [0x00000000d6600000,0x00000000d66e7e20,0x00000000d6700000)
  to   space 1536K, 0% used [0x00000000d6400000,0x00000000d6400000,0x00000000d6580000)
 ParOldGen       total 83456K, used 83072K [0x0000000080000000, 0x0000000085180000, 0x00000000d5580000)
  object space 83456K, 99% used [0x0000000080000000,0x00000000851200b0,0x0000000085180000)
 Metaspace       used 57844K, committed 59264K, reserved 1114112K
  class space    used 6213K, committed 6848K, reserved 1048576K
}
Event: 9087.889 GC heap after
{Heap after GC invocations=65 (full 2):
 PSYoungGen      total 16384K, used 384K [0x00000000d5580000, 0x00000000d6680000, 0x0000000100000000)
  eden space 14848K, 0% used [0x00000000d5580000,0x00000000d5580000,0x00000000d6400000)
  from space 1536K, 25% used [0x00000000d6400000,0x00000000d6460000,0x00000000d6580000)
  to   space 1024K, 0% used [0x00000000d6580000,0x00000000d6580000,0x00000000d6680000)
 ParOldGen       total 83968K, used 83850K [0x0000000080000000, 0x0000000085200000, 0x00000000d5580000)
  object space 83968K, 99% used [0x0000000080000000,0x00000000851e2b90,0x0000000085200000)
 Metaspace       used 57844K, committed 59264K, reserved 1114112K
  class space    used 6213K, committed 6848K, reserved 1048576K
}
Event: 9088.348 GC heap before
{Heap before GC invocations=66 (full 2):
 PSYoungGen      total 16384K, used 10813K [0x00000000d5580000, 0x00000000d6680000, 0x0000000100000000)
  eden space 14848K, 70% used [0x00000000d5580000,0x00000000d5faf678,0x00000000d6400000)
  from space 1536K, 25% used [0x00000000d6400000,0x00000000d6460000,0x00000000d6580000)
  to   space 1024K, 0% used [0x00000000d6580000,0x00000000d6580000,0x00000000d6680000)
 ParOldGen       total 83968K, used 83850K [0x0000000080000000, 0x0000000085200000, 0x00000000d5580000)
  object space 83968K, 99% used [0x0000000080000000,0x00000000851e2b90,0x0000000085200000)
 Metaspace       used 58355K, committed 59776K, reserved 1114112K
  class space    used 6267K, committed 6912K, reserved 1048576K
}
Event: 9088.352 GC heap after
{Heap after GC invocations=66 (full 2):
 PSYoungGen      total 15360K, used 396K [0x00000000d5580000, 0x00000000d6600000, 0x0000000100000000)
  eden space 14848K, 0% used [0x00000000d5580000,0x00000000d5580000,0x00000000d6400000)
  from space 512K, 77% used [0x00000000d6580000,0x00000000d65e3010,0x00000000d6600000)
  to   space 512K, 0% used [0x00000000d6500000,0x00000000d6500000,0x00000000d6580000)
 ParOldGen       total 84480K, used 84034K [0x0000000080000000, 0x0000000085280000, 0x00000000d5580000)
  object space 84480K, 99% used [0x0000000080000000,0x0000000085210b90,0x0000000085280000)
 Metaspace       used 58355K, committed 59776K, reserved 1114112K
  class space    used 6267K, committed 6912K, reserved 1048576K
}
Event: 9088.352 GC heap before
{Heap before GC invocations=67 (full 3):
 PSYoungGen      total 15360K, used 396K [0x00000000d5580000, 0x00000000d6600000, 0x0000000100000000)
  eden space 14848K, 0% used [0x00000000d5580000,0x00000000d5580000,0x00000000d6400000)
  from space 512K, 77% used [0x00000000d6580000,0x00000000d65e3010,0x00000000d6600000)
  to   space 512K, 0% used [0x00000000d6500000,0x00000000d6500000,0x00000000d6580000)
 ParOldGen       total 84480K, used 84034K [0x0000000080000000, 0x0000000085280000, 0x00000000d5580000)
  object space 84480K, 99% used [0x0000000080000000,0x0000000085210b90,0x0000000085280000)
 Metaspace       used 58355K, committed 59776K, reserved 1114112K
  class space    used 6267K, committed 6912K, reserved 1048576K
}
Event: 9089.390 GC heap after
{Heap after GC invocations=67 (full 3):
 PSYoungGen      total 15360K, used 0K [0x00000000d5580000, 0x00000000d6600000, 0x0000000100000000)
  eden space 14848K, 0% used [0x00000000d5580000,0x00000000d5580000,0x00000000d6400000)
  from space 512K, 0% used [0x00000000d6580000,0x00000000d6580000,0x00000000d6600000)
  to   space 512K, 0% used [0x00000000d6500000,0x00000000d6500000,0x00000000d6580000)
 ParOldGen       total 84480K, used 48027K [0x0000000080000000, 0x0000000085280000, 0x00000000d5580000)
  object space 84480K, 56% used [0x0000000080000000,0x0000000082ee6d40,0x0000000085280000)
 Metaspace       used 57962K, committed 59776K, reserved 1114112K
  class space    used 6168K, committed 6912K, reserved 1048576K
}
Event: 9089.809 GC heap before
{Heap before GC invocations=68 (full 3):
 PSYoungGen      total 15360K, used 14848K [0x00000000d5580000, 0x00000000d6600000, 0x0000000100000000)
  eden space 14848K, 100% used [0x00000000d5580000,0x00000000d6400000,0x00000000d6400000)
  from space 512K, 0% used [0x00000000d6580000,0x00000000d6580000,0x00000000d6600000)
  to   space 512K, 0% used [0x00000000d6500000,0x00000000d6500000,0x00000000d6580000)
 ParOldGen       total 84480K, used 48027K [0x0000000080000000, 0x0000000085280000, 0x00000000d5580000)
  object space 84480K, 56% used [0x0000000080000000,0x0000000082ee6d40,0x0000000085280000)
 Metaspace       used 58562K, committed 60032K, reserved 1114112K
  class space    used 6231K, committed 6912K, reserved 1048576K
}
Event: 9089.822 GC heap after
{Heap after GC invocations=68 (full 3):
 PSYoungGen      total 15360K, used 506K [0x00000000d5580000, 0x00000000d6b00000, 0x0000000100000000)
  eden space 14848K, 0% used [0x00000000d5580000,0x00000000d5580000,0x00000000d6400000)
  from space 512K, 98% used [0x00000000d6500000,0x00000000d657e860,0x00000000d6580000)
  to   space 3584K, 0% used [0x00000000d6780000,0x00000000d6780000,0x00000000d6b00000)
 ParOldGen       total 84480K, used 50573K [0x0000000080000000, 0x0000000085280000, 0x00000000d5580000)
  object space 84480K, 59% used [0x0000000080000000,0x0000000083163598,0x0000000085280000)
 Metaspace       used 58562K, committed 60032K, reserved 1114112K
  class space    used 6231K, committed 6912K, reserved 1048576K
}
Event: 9090.970 GC heap before
{Heap before GC invocations=69 (full 3):
 PSYoungGen      total 15360K, used 15192K [0x00000000d5580000, 0x00000000d6b00000, 0x0000000100000000)
  eden space 14848K, 98% used [0x00000000d5580000,0x00000000d63d7830,0x00000000d6400000)
  from space 512K, 98% used [0x00000000d6500000,0x00000000d657e860,0x00000000d6580000)
  to   space 3584K, 0% used [0x00000000d6780000,0x00000000d6780000,0x00000000d6b00000)
 ParOldGen       total 84480K, used 50573K [0x0000000080000000, 0x0000000085280000, 0x00000000d5580000)
  object space 84480K, 59% used [0x0000000080000000,0x0000000083163598,0x0000000085280000)
 Metaspace       used 60113K, committed 61376K, reserved 1114112K
  class space    used 6414K, committed 6976K, reserved 1048576K
}
Event: 9090.975 GC heap after
{Heap after GC invocations=69 (full 3):
 PSYoungGen      total 16896K, used 1540K [0x00000000d5580000, 0x00000000d6980000, 0x0000000100000000)
  eden space 14848K, 0% used [0x00000000d5580000,0x00000000d5580000,0x00000000d6400000)
  from space 2048K, 75% used [0x00000000d6780000,0x00000000d6901040,0x00000000d6980000)
  to   space 2560K, 0% used [0x00000000d6480000,0x00000000d6480000,0x00000000d6700000)
 ParOldGen       total 84480K, used 50749K [0x0000000080000000, 0x0000000085280000, 0x00000000d5580000)
  object space 84480K, 60% used [0x0000000080000000,0x000000008318f598,0x0000000085280000)
 Metaspace       used 60113K, committed 61376K, reserved 1114112K
  class space    used 6414K, committed 6976K, reserved 1048576K
}
Event: 9092.369 GC heap before
{Heap before GC invocations=70 (full 3):
 PSYoungGen      total 16896K, used 16388K [0x00000000d5580000, 0x00000000d6980000, 0x0000000100000000)
  eden space 14848K, 100% used [0x00000000d5580000,0x00000000d6400000,0x00000000d6400000)
  from space 2048K, 75% used [0x00000000d6780000,0x00000000d6901040,0x00000000d6980000)
  to   space 2560K, 0% used [0x00000000d6480000,0x00000000d6480000,0x00000000d6700000)
 ParOldGen       total 84480K, used 50749K [0x0000000080000000, 0x0000000085280000, 0x00000000d5580000)
  object space 84480K, 60% used [0x0000000080000000,0x000000008318f598,0x0000000085280000)
 Metaspace       used 60410K, committed 61632K, reserved 1114112K
  class space    used 6466K, committed 6976K, reserved 1048576K
}
Event: 9092.375 GC heap after
{Heap after GC invocations=70 (full 3):
 PSYoungGen      total 16384K, used 1184K [0x00000000d5580000, 0x00000000d6800000, 0x0000000100000000)
  eden space 14848K, 0% used [0x00000000d5580000,0x00000000d5580000,0x00000000d6400000)
  from space 1536K, 77% used [0x00000000d6480000,0x00000000d65a8000,0x00000000d6600000)
  to   space 1536K, 0% used [0x00000000d6680000,0x00000000d6680000,0x00000000d6800000)
 ParOldGen       total 84480K, used 51785K [0x0000000080000000, 0x0000000085280000, 0x00000000d5580000)
  object space 84480K, 61% used [0x0000000080000000,0x0000000083292460,0x0000000085280000)
 Metaspace       used 60410K, committed 61632K, reserved 1114112K
  class space    used 6466K, committed 6976K, reserved 1048576K
}
Event: 9093.558 GC heap before
{Heap before GC invocations=71 (full 3):
 PSYoungGen      total 16384K, used 16032K [0x00000000d5580000, 0x00000000d6800000, 0x0000000100000000)
  eden space 14848K, 100% used [0x00000000d5580000,0x00000000d6400000,0x00000000d6400000)
  from space 1536K, 77% used [0x00000000d6480000,0x00000000d65a8000,0x00000000d6600000)
  to   space 1536K, 0% used [0x00000000d6680000,0x00000000d6680000,0x00000000d6800000)
 ParOldGen       total 84480K, used 51785K [0x0000000080000000, 0x0000000085280000, 0x00000000d5580000)
  object space 84480K, 61% used [0x0000000080000000,0x0000000083292460,0x0000000085280000)
 Metaspace       used 60948K, committed 62272K, reserved 1114112K
  class space    used 6538K, committed 7104K, reserved 1048576K
}
Event: 9093.563 GC heap after
{Heap after GC invocations=71 (full 3):
 PSYoungGen      total 16384K, used 1152K [0x00000000d5580000, 0x00000000d6800000, 0x0000000100000000)
  eden space 14848K, 0% used [0x00000000d5580000,0x00000000d5580000,0x00000000d6400000)
  from space 1536K, 75% used [0x00000000d6680000,0x00000000d67a0000,0x00000000d6800000)
  to   space 1536K, 0% used [0x00000000d6480000,0x00000000d6480000,0x00000000d6600000)
 ParOldGen       total 84480K, used 52811K [0x0000000080000000, 0x0000000085280000, 0x00000000d5580000)
  object space 84480K, 62% used [0x0000000080000000,0x0000000083392ee0,0x0000000085280000)
 Metaspace       used 60948K, committed 62272K, reserved 1114112K
  class space    used 6538K, committed 7104K, reserved 1048576K
}

