# JRE version: OpenJDK Runtime Environment Temurin-21.0.12.1+1 (21.0.12.1+1) (build 21.0.12.1+1-LTS)
# Java VM: OpenJDK 64-Bit Server VM Temurin-21.0.12.1+1 (21.0.12.1+1-LTS, mixed mode, sharing, tiered, compressed oops, compressed class ptrs, parallel gc, windows-amd64)
GC Precious Log:
 CardTable entry size: 512
 CPUs: 8 total, 8 available
 Memory: 8042M
 Large Page Support: Disabled
 NUMA Support: Disabled
 Compressed Oops: Enabled (32-bit)
 Alignments: Space 512K, Generation 512K, Heap 2M
 Heap Min Capacity: 100M
 Heap Initial Capacity: 100M
 Heap Max Capacity: 2G
 Pre-touch: Disabled
 Parallel Workers: 8
Heap:
 PSYoungGen      total 2560K, used 1581K [0x00000000d5580000, 0x00000000d5a00000, 0x0000000100000000)
  eden space 2048K, 63% used [0x00000000d5580000,0x00000000d56c4be0,0x00000000d5780000)
  from space 512K, 55% used [0x00000000d5980000,0x00000000d59c6900,0x00000000d5a00000)
  to   space 1024K, 0% used [0x00000000d5800000,0x00000000d5800000,0x00000000d5900000)
 ParOldGen       total 274944K, used 274826K [0x0000000080000000, 0x0000000090c80000, 0x00000000d5580000)
  object space 274944K, 99% used [0x0000000080000000,0x0000000090c62b78,0x0000000090c80000)
 Metaspace       used 70486K, committed 72064K, reserved 1114112K
  class space    used 7373K, committed 8064K, reserved 1048576K
GC Heap History (20 events):
Event: 223.937 GC heap before
{Heap before GC invocations=220 (full 3):
 PSYoungGen      total 3584K, used 3103K [0x00000000d5580000, 0x00000000d5a80000, 0x0000000100000000)
  eden space 2048K, 89% used [0x00000000d5580000,0x00000000d5747e68,0x00000000d5780000)
  from space 1536K, 83% used [0x00000000d5900000,0x00000000d5a40000,0x00000000d5a80000)
  to   space 1536K, 0% used [0x00000000d5780000,0x00000000d5780000,0x00000000d5900000)
 ParOldGen       total 263168K, used 262671K [0x0000000080000000, 0x0000000090100000, 0x00000000d5580000)
  object space 263168K, 99% used [0x0000000080000000,0x0000000090083c78,0x0000000090100000)
 Metaspace       used 70454K, committed 72000K, reserved 1114112K
  class space    used 7373K, committed 8064K, reserved 1048576K
}
Event: 223.946 GC heap after
{Heap after GC invocations=220 (full 3):
 PSYoungGen      total 3584K, used 1536K [0x00000000d5580000, 0x00000000d5e00000, 0x0000000100000000)
  eden space 2048K, 0% used [0x00000000d5580000,0x00000000d5580000,0x00000000d5780000)
  from space 1536K, 100% used [0x00000000d5780000,0x00000000d5900000,0x00000000d5900000)
  to   space 3072K, 0% used [0x00000000d5b00000,0x00000000d5b00000,0x00000000d5e00000)
 ParOldGen       total 263680K, used 263647K [0x0000000080000000, 0x0000000090180000, 0x00000000d5580000)
  object space 263680K, 99% used [0x0000000080000000,0x0000000090177c78,0x0000000090180000)
 Metaspace       used 70454K, committed 72000K, reserved 1114112K
  class space    used 7373K, committed 8064K, reserved 1048576K
}
Event: 224.099 GC heap before
{Heap before GC invocations=221 (full 3):
 PSYoungGen      total 3584K, used 3445K [0x00000000d5580000, 0x00000000d5e00000, 0x0000000100000000)
  eden space 2048K, 93% used [0x00000000d5580000,0x00000000d575d460,0x00000000d5780000)
  from space 1536K, 100% used [0x00000000d5780000,0x00000000d5900000,0x00000000d5900000)
  to   space 3072K, 0% used [0x00000000d5b00000,0x00000000d5b00000,0x00000000d5e00000)
 ParOldGen       total 263680K, used 263647K [0x0000000080000000, 0x0000000090180000, 0x00000000d5580000)
  object space 263680K, 99% used [0x0000000080000000,0x0000000090177c78,0x0000000090180000)
 Metaspace       used 70454K, committed 72000K, reserved 1114112K
  class space    used 7373K, committed 8064K, reserved 1048576K
}
Event: 224.108 GC heap after
{Heap after GC invocations=221 (full 3):
 PSYoungGen      total 4096K, used 2048K [0x00000000d5580000, 0x00000000d5d00000, 0x0000000100000000)
  eden space 2048K, 0% used [0x00000000d5580000,0x00000000d5580000,0x00000000d5780000)
  from space 2048K, 100% used [0x00000000d5b00000,0x00000000d5d00000,0x00000000d5d00000)
  to   space 2560K, 0% used [0x00000000d5800000,0x00000000d5800000,0x00000000d5a80000)
 ParOldGen       total 264704K, used 264303K [0x0000000080000000, 0x0000000090280000, 0x00000000d5580000)
  object space 264704K, 99% used [0x0000000080000000,0x000000009021bc78,0x0000000090280000)
 Metaspace       used 70454K, committed 72000K, reserved 1114112K
  class space    used 7373K, committed 8064K, reserved 1048576K
}
Event: 224.120 GC heap before
{Heap before GC invocations=222 (full 3):
 PSYoungGen      total 4096K, used 4096K [0x00000000d5580000, 0x00000000d5d00000, 0x0000000100000000)
  eden space 2048K, 100% used [0x00000000d5580000,0x00000000d5780000,0x00000000d5780000)
  from space 2048K, 100% used [0x00000000d5b00000,0x00000000d5d00000,0x00000000d5d00000)
  to   space 2560K, 0% used [0x00000000d5800000,0x00000000d5800000,0x00000000d5a80000)
 ParOldGen       total 264704K, used 264303K [0x0000000080000000, 0x0000000090280000, 0x00000000d5580000)
  object space 264704K, 99% used [0x0000000080000000,0x000000009021bc78,0x0000000090280000)
 Metaspace       used 70454K, committed 72000K, reserved 1114112K
  class space    used 7373K, committed 8064K, reserved 1048576K
}
Event: 224.131 GC heap after
{Heap after GC invocations=222 (full 3):
 PSYoungGen      total 5120K, used 2099K [0x00000000d5580000, 0x00000000d5d00000, 0x0000000100000000)
  eden space 2560K, 0% used [0x00000000d5580000,0x00000000d5580000,0x00000000d5800000)
  from space 2560K, 82% used [0x00000000d5800000,0x00000000d5a0cf00,0x00000000d5a80000)
  to   space 2560K, 0% used [0x00000000d5a80000,0x00000000d5a80000,0x00000000d5d00000)
 ParOldGen       total 266752K, used 266247K [0x0000000080000000, 0x0000000090480000, 0x00000000d5580000)
  object space 266752K, 99% used [0x0000000080000000,0x0000000090401c78,0x0000000090480000)
 Metaspace       used 70454K, committed 72000K, reserved 1114112K
  class space    used 7373K, committed 8064K, reserved 1048576K
}
Event: 224.149 GC heap before
{Heap before GC invocations=223 (full 3):
 PSYoungGen      total 5120K, used 4659K [0x00000000d5580000, 0x00000000d5d00000, 0x0000000100000000)
  eden space 2560K, 100% used [0x00000000d5580000,0x00000000d5800000,0x00000000d5800000)
  from space 2560K, 82% used [0x00000000d5800000,0x00000000d5a0cf00,0x00000000d5a80000)
  to   space 2560K, 0% used [0x00000000d5a80000,0x00000000d5a80000,0x00000000d5d00000)
 ParOldGen       total 266752K, used 266247K [0x0000000080000000, 0x0000000090480000, 0x00000000d5580000)
  object space 266752K, 99% used [0x0000000080000000,0x0000000090401c78,0x0000000090480000)
 Metaspace       used 70454K, committed 72000K, reserved 1114112K
  class space    used 7373K, committed 8064K, reserved 1048576K
}
Event: 224.155 GC heap after
{Heap after GC invocations=223 (full 3):
 PSYoungGen      total 3072K, used 2560K [0x00000000d5580000, 0x00000000d6280000, 0x0000000100000000)
  eden space 512K, 0% used [0x00000000d5580000,0x00000000d5580000,0x00000000d5600000)
  from space 2560K, 100% used [0x00000000d5a80000,0x00000000d5d00000,0x00000000d5d00000)
  to   space 4608K, 0% used [0x00000000d5600000,0x00000000d5600000,0x00000000d5a80000)
 ParOldGen       total 268800K, used 268346K [0x0000000080000000, 0x0000000090680000, 0x00000000d5580000)
  object space 268800K, 99% used [0x0000000080000000,0x000000009060eb78,0x0000000090680000)
 Metaspace       used 70454K, committed 72000K, reserved 1114112K
  class space    used 7373K, committed 8064K, reserved 1048576K
}
Event: 224.161 GC heap before
{Heap before GC invocations=224 (full 3):
 PSYoungGen      total 3072K, used 3072K [0x00000000d5580000, 0x00000000d6280000, 0x0000000100000000)
  eden space 512K, 100% used [0x00000000d5580000,0x00000000d5600000,0x00000000d5600000)
  from space 2560K, 100% used [0x00000000d5a80000,0x00000000d5d00000,0x00000000d5d00000)
  to   space 4608K, 0% used [0x00000000d5600000,0x00000000d5600000,0x00000000d5a80000)
 ParOldGen       total 268800K, used 268346K [0x0000000080000000, 0x0000000090680000, 0x00000000d5580000)
  object space 268800K, 99% used [0x0000000080000000,0x000000009060eb78,0x0000000090680000)
 Metaspace       used 70454K, committed 72000K, reserved 1114112K
  class space    used 7373K, committed 8064K, reserved 1048576K
}
Event: 224.169 GC heap after
{Heap after GC invocations=224 (full 3):
 PSYoungGen      total 1536K, used 608K [0x00000000d5580000, 0x00000000d5b80000, 0x0000000100000000)
  eden space 512K, 0% used [0x00000000d5580000,0x00000000d5580000,0x00000000d5600000)
  from space 1024K, 59% used [0x00000000d5600000,0x00000000d5698000,0x00000000d5700000)
  to   space 2560K, 0% used [0x00000000d5900000,0x00000000d5900000,0x00000000d5b80000)
 ParOldGen       total 271360K, used 270930K [0x0000000080000000, 0x0000000090900000, 0x00000000d5580000)
  object space 271360K, 99% used [0x0000000080000000,0x0000000090894b78,0x0000000090900000)
 Metaspace       used 70454K, committed 72000K, reserved 1114112K
  class space    used 7373K, committed 8064K, reserved 1048576K
}
Event: 224.177 GC heap before
{Heap before GC invocations=225 (full 3):
 PSYoungGen      total 1536K, used 1119K [0x00000000d5580000, 0x00000000d5b80000, 0x0000000100000000)
  eden space 512K, 99% used [0x00000000d5580000,0x00000000d55fffe8,0x00000000d5600000)
  from space 1024K, 59% used [0x00000000d5600000,0x00000000d5698000,0x00000000d5700000)
  to   space 2560K, 0% used [0x00000000d5900000,0x00000000d5900000,0x00000000d5b80000)
 ParOldGen       total 271360K, used 270930K [0x0000000080000000, 0x0000000090900000, 0x00000000d5580000)
  object space 271360K, 99% used [0x0000000080000000,0x0000000090894b78,0x0000000090900000)
 Metaspace       used 70454K, committed 72000K, reserved 1114112K
  class space    used 7373K, committed 8064K, reserved 1048576K
}
Event: 224.180 GC heap after
{Heap after GC invocations=225 (full 3):
 PSYoungGen      total 2048K, used 672K [0x00000000d5580000, 0x00000000d5a00000, 0x0000000100000000)
  eden space 1024K, 0% used [0x00000000d5580000,0x00000000d5580000,0x00000000d5680000)
  from space 1024K, 65% used [0x00000000d5900000,0x00000000d59a8000,0x00000000d5a00000)
  to   space 1024K, 0% used [0x00000000d5800000,0x00000000d5800000,0x00000000d5900000)
 ParOldGen       total 271872K, used 271450K [0x0000000080000000, 0x0000000090980000, 0x00000000d5580000)
  object space 271872K, 99% used [0x0000000080000000,0x0000000090916b78,0x0000000090980000)
 Metaspace       used 70454K, committed 72000K, reserved 1114112K
  class space    used 7373K, committed 8064K, reserved 1048576K
}
Event: 224.186 GC heap before
{Heap before GC invocations=226 (full 3):
 PSYoungGen      total 2048K, used 1696K [0x00000000d5580000, 0x00000000d5a00000, 0x0000000100000000)
  eden space 1024K, 100% used [0x00000000d5580000,0x00000000d5680000,0x00000000d5680000)
  from space 1024K, 65% used [0x00000000d5900000,0x00000000d59a8000,0x00000000d5a00000)
  to   space 1024K, 0% used [0x00000000d5800000,0x00000000d5800000,0x00000000d5900000)
 ParOldGen       total 271872K, used 271450K [0x0000000080000000, 0x0000000090980000, 0x00000000d5580000)
  object space 271872K, 99% used [0x0000000080000000,0x0000000090916b78,0x0000000090980000)
 Metaspace       used 70454K, committed 72000K, reserved 1114112K
  class space    used 7373K, committed 8064K, reserved 1048576K
}
Event: 224.191 GC heap after
{Heap after GC invocations=226 (full 3):
 PSYoungGen      total 2560K, used 1024K [0x00000000d5580000, 0x00000000d5b00000, 0x0000000100000000)
  eden space 1536K, 0% used [0x00000000d5580000,0x00000000d5580000,0x00000000d5700000)
  from space 1024K, 100% used [0x00000000d5800000,0x00000000d5900000,0x00000000d5900000)
  to   space 2048K, 0% used [0x00000000d5900000,0x00000000d5900000,0x00000000d5b00000)
 ParOldGen       total 272384K, used 271978K [0x0000000080000000, 0x0000000090a00000, 0x00000000d5580000)
  object space 272384K, 99% used [0x0000000080000000,0x000000009099ab78,0x0000000090a00000)
 Metaspace       used 70454K, committed 72000K, reserved 1114112K
  class space    used 7373K, committed 8064K, reserved 1048576K
}
Event: 224.224 GC heap before
{Heap before GC invocations=227 (full 3):
 PSYoungGen      total 2560K, used 2404K [0x00000000d5580000, 0x00000000d5b00000, 0x0000000100000000)
  eden space 1536K, 89% used [0x00000000d5580000,0x00000000d56d9088,0x00000000d5700000)
  from space 1024K, 100% used [0x00000000d5800000,0x00000000d5900000,0x00000000d5900000)
  to   space 2048K, 0% used [0x00000000d5900000,0x00000000d5900000,0x00000000d5b00000)
 ParOldGen       total 272384K, used 271978K [0x0000000080000000, 0x0000000090a00000, 0x00000000d5580000)
  object space 272384K, 99% used [0x0000000080000000,0x000000009099ab78,0x0000000090a00000)
 Metaspace       used 70454K, committed 72000K, reserved 1114112K
  class space    used 7373K, committed 8064K, reserved 1048576K
}
Event: 224.230 GC heap after
{Heap after GC invocations=227 (full 3):
 PSYoungGen      total 3584K, used 1136K [0x00000000d5580000, 0x00000000d5a80000, 0x0000000100000000)
  eden space 2048K, 0% used [0x00000000d5580000,0x00000000d5580000,0x00000000d5780000)
  from space 1536K, 73% used [0x00000000d5900000,0x00000000d5a1c000,0x00000000d5a80000)
  to   space 1536K, 0% used [0x00000000d5780000,0x00000000d5780000,0x00000000d5900000)
 ParOldGen       total 273408K, used 272994K [0x0000000080000000, 0x0000000090b00000, 0x00000000d5580000)
  object space 273408K, 99% used [0x0000000080000000,0x0000000090a98b78,0x0000000090b00000)
 Metaspace       used 70454K, committed 72000K, reserved 1114112K
  class space    used 7373K, committed 8064K, reserved 1048576K
}
Event: 224.555 GC heap before
{Heap before GC invocations=228 (full 3):
 PSYoungGen      total 3584K, used 3184K [0x00000000d5580000, 0x00000000d5a80000, 0x0000000100000000)
  eden space 2048K, 100% used [0x00000000d5580000,0x00000000d5780000,0x00000000d5780000)
  from space 1536K, 73% used [0x00000000d5900000,0x00000000d5a1c000,0x00000000d5a80000)
  to   space 1536K, 0% used [0x00000000d5780000,0x00000000d5780000,0x00000000d5900000)
 ParOldGen       total 273408K, used 272994K [0x0000000080000000, 0x0000000090b00000, 0x00000000d5580000)
  object space 273408K, 99% used [0x0000000080000000,0x0000000090a98b78,0x0000000090b00000)
 Metaspace       used 70460K, committed 72000K, reserved 1114112K
  class space    used 7373K, committed 8064K, reserved 1048576K
}
Event: 224.561 GC heap after
{Heap after GC invocations=228 (full 3):
 PSYoungGen      total 3584K, used 1348K [0x00000000d5580000, 0x00000000d5b00000, 0x0000000100000000)
  eden space 2048K, 0% used [0x00000000d5580000,0x00000000d5580000,0x00000000d5780000)
  from space 1536K, 87% used [0x00000000d5780000,0x00000000d58d1210,0x00000000d5900000)
  to   space 1536K, 0% used [0x00000000d5980000,0x00000000d5980000,0x00000000d5b00000)
 ParOldGen       total 273920K, used 273706K [0x0000000080000000, 0x0000000090b80000, 0x00000000d5580000)
  object space 273920K, 99% used [0x0000000080000000,0x0000000090b4ab78,0x0000000090b80000)
 Metaspace       used 70460K, committed 72000K, reserved 1114112K
  class space    used 7373K, committed 8064K, reserved 1048576K
}
Event: 224.611 GC heap before
{Heap before GC invocations=229 (full 3):
 PSYoungGen      total 3584K, used 3396K [0x00000000d5580000, 0x00000000d5b00000, 0x0000000100000000)
  eden space 2048K, 100% used [0x00000000d5580000,0x00000000d5780000,0x00000000d5780000)
  from space 1536K, 87% used [0x00000000d5780000,0x00000000d58d1210,0x00000000d5900000)
  to   space 1536K, 0% used [0x00000000d5980000,0x00000000d5980000,0x00000000d5b00000)
 ParOldGen       total 273920K, used 273706K [0x0000000080000000, 0x0000000090b80000, 0x00000000d5580000)
  object space 273920K, 99% used [0x0000000080000000,0x0000000090b4ab78,0x0000000090b80000)
 Metaspace       used 70469K, committed 72000K, reserved 1114112K
  class space    used 7373K, committed 8064K, reserved 1048576K
}
Event: 224.616 GC heap after
{Heap after GC invocations=229 (full 3):
 PSYoungGen      total 2560K, used 282K [0x00000000d5580000, 0x00000000d5a00000, 0x0000000100000000)
  eden space 2048K, 0% used [0x00000000d5580000,0x00000000d5580000,0x00000000d5780000)
  from space 512K, 55% used [0x00000000d5980000,0x00000000d59c6900,0x00000000d5a00000)
  to   space 1024K, 0% used [0x00000000d5800000,0x00000000d5800000,0x00000000d5900000)
 ParOldGen       total 274944K, used 274826K [0x0000000080000000, 0x0000000090c80000, 0x00000000d5580000)
  object space 274944K, 99% used [0x0000000080000000,0x0000000090c62b78,0x0000000090c80000)
 Metaspace       used 70469K, committed 72000K, reserved 1114112K
  class space    used 7373K, committed 8064K, reserved 1048576K
}

